2022-08-04 11:59:04.552  INFO 2424 --- [main] com.tweetapp.TweetAppServiceApplication  : Starting TweetAppServiceApplication using Java 11.0.12 on ctsjava220 with PID 2424 (C:\Users\cogjava1107\Documents\TweetApp\TweetAppService\target\classes started by cogjava1107 in C:\Users\cogjava1107\Documents\TweetApp\TweetAppService)
2022-08-04 11:59:04.569  INFO 2424 --- [main] com.tweetapp.TweetAppServiceApplication  : No active profile set, falling back to default profiles: default
2022-08-04 11:59:05.819  INFO 2424 --- [main] .s.d.r.c.RepositoryConfigurationDelegate : Bootstrapping Spring Data MongoDB repositories in DEFAULT mode.
2022-08-04 11:59:05.894  INFO 2424 --- [main] .s.d.r.c.RepositoryConfigurationDelegate : Finished Spring Data repository scanning in 70 ms. Found 2 MongoDB repository interfaces.
2022-08-04 11:59:07.268  INFO 2424 --- [main] o.s.b.w.embedded.tomcat.TomcatWebServer  : Tomcat initialized with port(s): 8082 (http)
2022-08-04 11:59:07.284  INFO 2424 --- [main] o.apache.catalina.core.StandardService   : Starting service [Tomcat]
2022-08-04 11:59:07.284  INFO 2424 --- [main] org.apache.catalina.core.StandardEngine  : Starting Servlet engine: [Apache Tomcat/9.0.39]
2022-08-04 11:59:07.434  INFO 2424 --- [main] o.a.c.c.C.[Tomcat].[localhost].[/]       : Initializing Spring embedded WebApplicationContext
2022-08-04 11:59:07.434  INFO 2424 --- [main] w.s.c.ServletWebServerApplicationContext : Root WebApplicationContext: initialization completed in 2763 ms
2022-08-04 11:59:07.998  INFO 2424 --- [main] org.mongodb.driver.cluster               : Cluster created with settings {hosts=[127.0.0.1:27017], srvHost=cluster0.jexok.mongodb.net, mode=MULTIPLE, requiredClusterType=REPLICA_SET, serverSelectionTimeout='30000 ms', requiredReplicaSetName='atlas-ixkgv7-shard-0'}
2022-08-04 11:59:08.328  INFO 2424 --- [cluster-ClusterId{value='62eb6733a077d80ec82f38c4', description='null'}-srv-cluster0.jexok.mongodb.net] org.mongodb.driver.cluster               : Adding discovered server cluster0-shard-00-00.jexok.mongodb.net:27017 to client view of cluster
2022-08-04 11:59:08.368  INFO 2424 --- [cluster-ClusterId{value='62eb6733a077d80ec82f38c4', description='null'}-srv-cluster0.jexok.mongodb.net] org.mongodb.driver.cluster               : Adding discovered server cluster0-shard-00-01.jexok.mongodb.net:27017 to client view of cluster
2022-08-04 11:59:08.369  INFO 2424 --- [cluster-ClusterId{value='62eb6733a077d80ec82f38c4', description='null'}-srv-cluster0.jexok.mongodb.net] org.mongodb.driver.cluster               : Adding discovered server cluster0-shard-00-02.jexok.mongodb.net:27017 to client view of cluster
2022-08-04 11:59:08.966  INFO 2424 --- [cluster-rtt-ClusterId{value='62eb6733a077d80ec82f38c4', description='null'}-cluster0-shard-00-00.jexok.mongodb.net:27017] org.mongodb.driver.connection            : Opened connection [connectionId{localValue:3, serverValue:62941}] to cluster0-shard-00-00.jexok.mongodb.net:27017
2022-08-04 11:59:08.967  INFO 2424 --- [cluster-ClusterId{value='62eb6733a077d80ec82f38c4', description='null'}-cluster0-shard-00-02.jexok.mongodb.net:27017] org.mongodb.driver.connection            : Opened connection [connectionId{localValue:5, serverValue:62605}] to cluster0-shard-00-02.jexok.mongodb.net:27017
2022-08-04 11:59:08.968  INFO 2424 --- [cluster-ClusterId{value='62eb6733a077d80ec82f38c4', description='null'}-cluster0-shard-00-02.jexok.mongodb.net:27017] org.mongodb.driver.cluster               : Monitor thread successfully connected to server with description ServerDescription{address=cluster0-shard-00-02.jexok.mongodb.net:27017, type=REPLICA_SET_SECONDARY, state=CONNECTED, ok=true, minWireVersion=0, maxWireVersion=13, maxDocumentSize=16777216, logicalSessionTimeoutMinutes=30, roundTripTimeNanos=375813500, setName='atlas-ixkgv7-shard-0', canonicalAddress=cluster0-shard-00-02.jexok.mongodb.net:27017, hosts=[cluster0-shard-00-02.jexok.mongodb.net:27017, cluster0-shard-00-00.jexok.mongodb.net:27017, cluster0-shard-00-01.jexok.mongodb.net:27017], passives=[], arbiters=[], primary='cluster0-shard-00-01.jexok.mongodb.net:27017', tagSet=TagSet{[Tag{name='nodeType', value='ELECTABLE'}, Tag{name='provider', value='AWS'}, Tag{name='region', value='AP_SOUTH_1'}, Tag{name='workloadType', value='OPERATIONAL'}]}, electionId=null, setVersion=7, topologyVersion=TopologyVersion{processId=62e93002bda0b4cd56b4c554, counter=3}, lastWriteDate=Thu Aug 04 11:59:08 GMT+05:30 2022, lastUpdateTimeNanos=405089259800}
2022-08-04 11:59:08.968  INFO 2424 --- [cluster-rtt-ClusterId{value='62eb6733a077d80ec82f38c4', description='null'}-cluster0-shard-00-02.jexok.mongodb.net:27017] org.mongodb.driver.connection            : Opened connection [connectionId{localValue:6, serverValue:62605}] to cluster0-shard-00-02.jexok.mongodb.net:27017
2022-08-04 11:59:08.970  INFO 2424 --- [cluster-rtt-ClusterId{value='62eb6733a077d80ec82f38c4', description='null'}-cluster0-shard-00-01.jexok.mongodb.net:27017] org.mongodb.driver.connection            : Opened connection [connectionId{localValue:1, serverValue:65887}] to cluster0-shard-00-01.jexok.mongodb.net:27017
2022-08-04 11:59:08.966  INFO 2424 --- [cluster-ClusterId{value='62eb6733a077d80ec82f38c4', description='null'}-cluster0-shard-00-01.jexok.mongodb.net:27017] org.mongodb.driver.connection            : Opened connection [connectionId{localValue:2, serverValue:65887}] to cluster0-shard-00-01.jexok.mongodb.net:27017
2022-08-04 11:59:08.975  INFO 2424 --- [cluster-ClusterId{value='62eb6733a077d80ec82f38c4', description='null'}-cluster0-shard-00-01.jexok.mongodb.net:27017] org.mongodb.driver.cluster               : Monitor thread successfully connected to server with description ServerDescription{address=cluster0-shard-00-01.jexok.mongodb.net:27017, type=REPLICA_SET_PRIMARY, state=CONNECTED, ok=true, minWireVersion=0, maxWireVersion=13, maxDocumentSize=16777216, logicalSessionTimeoutMinutes=30, roundTripTimeNanos=377733800, setName='atlas-ixkgv7-shard-0', canonicalAddress=cluster0-shard-00-01.jexok.mongodb.net:27017, hosts=[cluster0-shard-00-02.jexok.mongodb.net:27017, cluster0-shard-00-00.jexok.mongodb.net:27017, cluster0-shard-00-01.jexok.mongodb.net:27017], passives=[], arbiters=[], primary='cluster0-shard-00-01.jexok.mongodb.net:27017', tagSet=TagSet{[Tag{name='nodeType', value='ELECTABLE'}, Tag{name='provider', value='AWS'}, Tag{name='region', value='AP_SOUTH_1'}, Tag{name='workloadType', value='OPERATIONAL'}]}, electionId=7fffffff0000000000000178, setVersion=7, topologyVersion=TopologyVersion{processId=62e92fae212fd867cd0ff30a, counter=6}, lastWriteDate=Thu Aug 04 11:59:08 GMT+05:30 2022, lastUpdateTimeNanos=405089119000}
2022-08-04 11:59:08.975  INFO 2424 --- [cluster-ClusterId{value='62eb6733a077d80ec82f38c4', description='null'}-cluster0-shard-00-01.jexok.mongodb.net:27017] org.mongodb.driver.cluster               : Setting max election id to 7fffffff0000000000000178 from replica set primary cluster0-shard-00-01.jexok.mongodb.net:27017
2022-08-04 11:59:08.975  INFO 2424 --- [cluster-ClusterId{value='62eb6733a077d80ec82f38c4', description='null'}-cluster0-shard-00-01.jexok.mongodb.net:27017] org.mongodb.driver.cluster               : Setting max set version to 7 from replica set primary cluster0-shard-00-01.jexok.mongodb.net:27017
2022-08-04 11:59:08.976  INFO 2424 --- [cluster-ClusterId{value='62eb6733a077d80ec82f38c4', description='null'}-cluster0-shard-00-01.jexok.mongodb.net:27017] org.mongodb.driver.cluster               : Discovered replica set primary cluster0-shard-00-01.jexok.mongodb.net:27017
2022-08-04 11:59:08.977  INFO 2424 --- [cluster-ClusterId{value='62eb6733a077d80ec82f38c4', description='null'}-cluster0-shard-00-00.jexok.mongodb.net:27017] org.mongodb.driver.connection            : Opened connection [connectionId{localValue:4, serverValue:62941}] to cluster0-shard-00-00.jexok.mongodb.net:27017
2022-08-04 11:59:08.978  INFO 2424 --- [cluster-ClusterId{value='62eb6733a077d80ec82f38c4', description='null'}-cluster0-shard-00-00.jexok.mongodb.net:27017] org.mongodb.driver.cluster               : Monitor thread successfully connected to server with description ServerDescription{address=cluster0-shard-00-00.jexok.mongodb.net:27017, type=REPLICA_SET_SECONDARY, state=CONNECTED, ok=true, minWireVersion=0, maxWireVersion=13, maxDocumentSize=16777216, logicalSessionTimeoutMinutes=30, roundTripTimeNanos=390463000, setName='atlas-ixkgv7-shard-0', canonicalAddress=cluster0-shard-00-00.jexok.mongodb.net:27017, hosts=[cluster0-shard-00-02.jexok.mongodb.net:27017, cluster0-shard-00-00.jexok.mongodb.net:27017, cluster0-shard-00-01.jexok.mongodb.net:27017], passives=[], arbiters=[], primary='cluster0-shard-00-01.jexok.mongodb.net:27017', tagSet=TagSet{[Tag{name='nodeType', value='ELECTABLE'}, Tag{name='provider', value='AWS'}, Tag{name='region', value='AP_SOUTH_1'}, Tag{name='workloadType', value='OPERATIONAL'}]}, electionId=null, setVersion=7, topologyVersion=TopologyVersion{processId=62e92f5c6ea7f3d3c07a2867, counter=4}, lastWriteDate=Thu Aug 04 11:59:08 GMT+05:30 2022, lastUpdateTimeNanos=405101998500}
2022-08-04 11:59:09.262  INFO 2424 --- [main] o.s.b.a.e.web.EndpointLinksResolver      : Exposing 15 endpoint(s) beneath base path '/actuator'
2022-08-04 11:59:09.458  INFO 2424 --- [main] o.s.s.concurrent.ThreadPoolTaskExecutor  : Initializing ExecutorService 'applicationTaskExecutor'
2022-08-04 11:59:09.816  INFO 2424 --- [main] o.a.k.clients.admin.AdminClientConfig    : AdminClientConfig values: 
	bootstrap.servers = [localhost:9092]
	client.dns.lookup = use_all_dns_ips
	client.id = 
	connections.max.idle.ms = 300000
	default.api.timeout.ms = 60000
	metadata.max.age.ms = 300000
	metric.reporters = []
	metrics.num.samples = 2
	metrics.recording.level = INFO
	metrics.sample.window.ms = 30000
	receive.buffer.bytes = 65536
	reconnect.backoff.max.ms = 1000
	reconnect.backoff.ms = 50
	request.timeout.ms = 30000
	retries = 2147483647
	retry.backoff.ms = 100
	sasl.client.callback.handler.class = null
	sasl.jaas.config = null
	sasl.kerberos.kinit.cmd = /usr/bin/kinit
	sasl.kerberos.min.time.before.relogin = 60000
	sasl.kerberos.service.name = null
	sasl.kerberos.ticket.renew.jitter = 0.05
	sasl.kerberos.ticket.renew.window.factor = 0.8
	sasl.login.callback.handler.class = null
	sasl.login.class = null
	sasl.login.refresh.buffer.seconds = 300
	sasl.login.refresh.min.period.seconds = 60
	sasl.login.refresh.window.factor = 0.8
	sasl.login.refresh.window.jitter = 0.05
	sasl.mechanism = GSSAPI
	security.protocol = PLAINTEXT
	security.providers = null
	send.buffer.bytes = 131072
	ssl.cipher.suites = null
	ssl.enabled.protocols = [TLSv1.2, TLSv1.3]
	ssl.endpoint.identification.algorithm = https
	ssl.engine.factory.class = null
	ssl.key.password = null
	ssl.keymanager.algorithm = SunX509
	ssl.keystore.location = null
	ssl.keystore.password = null
	ssl.keystore.type = JKS
	ssl.protocol = TLSv1.3
	ssl.provider = null
	ssl.secure.random.implementation = null
	ssl.trustmanager.algorithm = PKIX
	ssl.truststore.location = null
	ssl.truststore.password = null
	ssl.truststore.type = JKS

2022-08-04 11:59:09.961  INFO 2424 --- [main] o.a.kafka.common.utils.AppInfoParser     : Kafka version: 2.6.0
2022-08-04 11:59:09.964  INFO 2424 --- [main] o.a.kafka.common.utils.AppInfoParser     : Kafka commitId: 62abe01bee039651
2022-08-04 11:59:09.964  INFO 2424 --- [main] o.a.kafka.common.utils.AppInfoParser     : Kafka startTimeMs: 1659594549959
2022-08-04 11:59:10.821  INFO 2424 --- [main] o.a.k.clients.consumer.ConsumerConfig    : ConsumerConfig values: 
	allow.auto.create.topics = true
	auto.commit.interval.ms = 5000
	auto.offset.reset = earliest
	bootstrap.servers = [localhost:9092]
	check.crcs = true
	client.dns.lookup = use_all_dns_ips
	client.id = consumer-tweetApp-1
	client.rack = 
	connections.max.idle.ms = 540000
	default.api.timeout.ms = 60000
	enable.auto.commit = false
	exclude.internal.topics = true
	fetch.max.bytes = 52428800
	fetch.max.wait.ms = 500
	fetch.min.bytes = 1
	group.id = tweetApp
	group.instance.id = null
	heartbeat.interval.ms = 3000
	interceptor.classes = []
	internal.leave.group.on.close = true
	internal.throw.on.fetch.stable.offset.unsupported = false
	isolation.level = read_uncommitted
	key.deserializer = class org.apache.kafka.common.serialization.StringDeserializer
	max.partition.fetch.bytes = 1048576
	max.poll.interval.ms = 300000
	max.poll.records = 500
	metadata.max.age.ms = 300000
	metric.reporters = []
	metrics.num.samples = 2
	metrics.recording.level = INFO
	metrics.sample.window.ms = 30000
	partition.assignment.strategy = [class org.apache.kafka.clients.consumer.RangeAssignor]
	receive.buffer.bytes = 65536
	reconnect.backoff.max.ms = 1000
	reconnect.backoff.ms = 50
	request.timeout.ms = 30000
	retry.backoff.ms = 100
	sasl.client.callback.handler.class = null
	sasl.jaas.config = null
	sasl.kerberos.kinit.cmd = /usr/bin/kinit
	sasl.kerberos.min.time.before.relogin = 60000
	sasl.kerberos.service.name = null
	sasl.kerberos.ticket.renew.jitter = 0.05
	sasl.kerberos.ticket.renew.window.factor = 0.8
	sasl.login.callback.handler.class = null
	sasl.login.class = null
	sasl.login.refresh.buffer.seconds = 300
	sasl.login.refresh.min.period.seconds = 60
	sasl.login.refresh.window.factor = 0.8
	sasl.login.refresh.window.jitter = 0.05
	sasl.mechanism = GSSAPI
	security.protocol = PLAINTEXT
	security.providers = null
	send.buffer.bytes = 131072
	session.timeout.ms = 10000
	ssl.cipher.suites = null
	ssl.enabled.protocols = [TLSv1.2, TLSv1.3]
	ssl.endpoint.identification.algorithm = https
	ssl.engine.factory.class = null
	ssl.key.password = null
	ssl.keymanager.algorithm = SunX509
	ssl.keystore.location = null
	ssl.keystore.password = null
	ssl.keystore.type = JKS
	ssl.protocol = TLSv1.3
	ssl.provider = null
	ssl.secure.random.implementation = null
	ssl.trustmanager.algorithm = PKIX
	ssl.truststore.location = null
	ssl.truststore.password = null
	ssl.truststore.type = JKS
	value.deserializer = class org.apache.kafka.common.serialization.StringDeserializer

2022-08-04 11:59:10.878  INFO 2424 --- [main] o.a.kafka.common.utils.AppInfoParser     : Kafka version: 2.6.0
2022-08-04 11:59:10.879  INFO 2424 --- [main] o.a.kafka.common.utils.AppInfoParser     : Kafka commitId: 62abe01bee039651
2022-08-04 11:59:10.879  INFO 2424 --- [main] o.a.kafka.common.utils.AppInfoParser     : Kafka startTimeMs: 1659594550878
2022-08-04 11:59:10.914  INFO 2424 --- [main] o.a.k.clients.consumer.KafkaConsumer     : [Consumer clientId=consumer-tweetApp-1, groupId=tweetApp] Subscribed to topic(s): message
2022-08-04 11:59:10.919  INFO 2424 --- [main] o.s.s.c.ThreadPoolTaskScheduler          : Initializing ExecutorService
2022-08-04 11:59:10.945  INFO 2424 --- [main] o.s.b.w.embedded.tomcat.TomcatWebServer  : Tomcat started on port(s): 8082 (http) with context path ''
2022-08-04 11:59:10.953  INFO 2424 --- [org.springframework.kafka.KafkaListenerEndpointContainer#0-0-C-1] org.apache.kafka.clients.Metadata        : [Consumer clientId=consumer-tweetApp-1, groupId=tweetApp] Cluster ID: DSelizYqTPKt2zvqfOXnXg
2022-08-04 11:59:11.817  INFO 2424 --- [main] com.tweetapp.TweetAppServiceApplication  : Started TweetAppServiceApplication in 8.06 seconds (JVM running for 8.756)
2022-08-04 11:59:12.321  INFO 2424 --- [org.springframework.kafka.KafkaListenerEndpointContainer#0-0-C-1] o.a.k.c.c.internals.AbstractCoordinator  : [Consumer clientId=consumer-tweetApp-1, groupId=tweetApp] Discovered group coordinator host.docker.internal:9092 (id: 2147483647 rack: null)
2022-08-04 11:59:12.325  INFO 2424 --- [org.springframework.kafka.KafkaListenerEndpointContainer#0-0-C-1] o.a.k.c.c.internals.AbstractCoordinator  : [Consumer clientId=consumer-tweetApp-1, groupId=tweetApp] (Re-)joining group
2022-08-04 11:59:12.367  INFO 2424 --- [org.springframework.kafka.KafkaListenerEndpointContainer#0-0-C-1] o.a.k.c.c.internals.AbstractCoordinator  : [Consumer clientId=consumer-tweetApp-1, groupId=tweetApp] Join group failed with org.apache.kafka.common.errors.MemberIdRequiredException: The group member needs to have a valid member id before actually entering a consumer group.
2022-08-04 11:59:12.368  INFO 2424 --- [org.springframework.kafka.KafkaListenerEndpointContainer#0-0-C-1] o.a.k.c.c.internals.AbstractCoordinator  : [Consumer clientId=consumer-tweetApp-1, groupId=tweetApp] (Re-)joining group
2022-08-04 11:59:12.402  INFO 2424 --- [org.springframework.kafka.KafkaListenerEndpointContainer#0-0-C-1] o.a.k.c.c.internals.ConsumerCoordinator  : [Consumer clientId=consumer-tweetApp-1, groupId=tweetApp] Finished assignment for group at generation 1: {consumer-tweetApp-1-59f8f6c1-4bbb-4dd8-b19f-9159415504d5=Assignment(partitions=[message-0, message-1, message-2])}
2022-08-04 11:59:12.507  INFO 2424 --- [org.springframework.kafka.KafkaListenerEndpointContainer#0-0-C-1] o.a.k.c.c.internals.AbstractCoordinator  : [Consumer clientId=consumer-tweetApp-1, groupId=tweetApp] Successfully joined group with generation 1
2022-08-04 11:59:12.508  INFO 2424 --- [org.springframework.kafka.KafkaListenerEndpointContainer#0-0-C-1] o.a.k.c.c.internals.ConsumerCoordinator  : [Consumer clientId=consumer-tweetApp-1, groupId=tweetApp] Notifying assignor about the new Assignment(partitions=[message-0, message-1, message-2])
2022-08-04 11:59:12.512  INFO 2424 --- [org.springframework.kafka.KafkaListenerEndpointContainer#0-0-C-1] o.a.k.c.c.internals.ConsumerCoordinator  : [Consumer clientId=consumer-tweetApp-1, groupId=tweetApp] Adding newly assigned partitions: message-0, message-1, message-2
2022-08-04 11:59:12.529  INFO 2424 --- [org.springframework.kafka.KafkaListenerEndpointContainer#0-0-C-1] o.a.k.c.c.internals.ConsumerCoordinator  : [Consumer clientId=consumer-tweetApp-1, groupId=tweetApp] Found no committed offset for partition message-0
2022-08-04 11:59:12.530  INFO 2424 --- [org.springframework.kafka.KafkaListenerEndpointContainer#0-0-C-1] o.a.k.c.c.internals.ConsumerCoordinator  : [Consumer clientId=consumer-tweetApp-1, groupId=tweetApp] Found no committed offset for partition message-1
2022-08-04 11:59:12.530  INFO 2424 --- [org.springframework.kafka.KafkaListenerEndpointContainer#0-0-C-1] o.a.k.c.c.internals.ConsumerCoordinator  : [Consumer clientId=consumer-tweetApp-1, groupId=tweetApp] Found no committed offset for partition message-2
2022-08-04 11:59:12.548  INFO 2424 --- [org.springframework.kafka.KafkaListenerEndpointContainer#0-0-C-1] o.a.k.c.c.internals.SubscriptionState    : [Consumer clientId=consumer-tweetApp-1, groupId=tweetApp] Resetting offset for partition message-0 to offset 0.
2022-08-04 11:59:12.549  INFO 2424 --- [org.springframework.kafka.KafkaListenerEndpointContainer#0-0-C-1] o.a.k.c.c.internals.SubscriptionState    : [Consumer clientId=consumer-tweetApp-1, groupId=tweetApp] Resetting offset for partition message-1 to offset 0.
2022-08-04 11:59:12.549  INFO 2424 --- [org.springframework.kafka.KafkaListenerEndpointContainer#0-0-C-1] o.a.k.c.c.internals.SubscriptionState    : [Consumer clientId=consumer-tweetApp-1, groupId=tweetApp] Resetting offset for partition message-2 to offset 0.
2022-08-04 11:59:12.550  INFO 2424 --- [org.springframework.kafka.KafkaListenerEndpointContainer#0-0-C-1] o.s.k.l.KafkaMessageListenerContainer    : tweetApp: partitions assigned: [message-0, message-1, message-2]
2022-08-04 12:00:25.610  INFO 2424 --- [http-nio-8082-exec-1] o.a.c.c.C.[Tomcat].[localhost].[/]       : Initializing Spring DispatcherServlet 'dispatcherServlet'
2022-08-04 12:01:59.923  INFO 2424 --- [http-nio-8082-exec-7] com.tweetapp.controller.UserController   : Registration for user Ari go
2022-08-04 12:01:59.925  INFO 2424 --- [http-nio-8082-exec-7] com.tweetapp.service.UserService         : In register Request-> User [userId=3, firstName=Ari, lastName=go, emailId=go@gmail.com, userName=ari@123, password=Arigo@123, contactNumber=9958483316] 
2022-08-04 12:02:00.257  INFO 2424 --- [http-nio-8082-exec-7] org.mongodb.driver.connection            : Opened connection [connectionId{localValue:7, serverValue:66183}] to cluster0-shard-00-01.jexok.mongodb.net:27017
2022-08-04 12:02:00.319  INFO 2424 --- [http-nio-8082-exec-7] com.tweetapp.service.UserService         : Exiting register Response -> UserName Registered Successfully
2022-08-04 14:26:41.280  INFO 14940 --- [main] com.tweetapp.TweetAppServiceApplication  : Starting TweetAppServiceApplication using Java 11.0.12 on ctsjava220 with PID 14940 (C:\Users\cogjava1107\Documents\TweetApp\TweetAppService\tweetAppService\target\classes started by cogjava1107 in C:\Users\cogjava1107\Documents\TweetApp\TweetAppService\tweetAppService)
2022-08-04 14:26:41.286  INFO 14940 --- [main] com.tweetapp.TweetAppServiceApplication  : No active profile set, falling back to default profiles: default
2022-08-04 14:26:43.006  INFO 14940 --- [main] .s.d.r.c.RepositoryConfigurationDelegate : Bootstrapping Spring Data MongoDB repositories in DEFAULT mode.
2022-08-04 14:26:43.121  INFO 14940 --- [main] .s.d.r.c.RepositoryConfigurationDelegate : Finished Spring Data repository scanning in 107 ms. Found 2 MongoDB repository interfaces.
2022-08-04 14:26:45.288  INFO 14940 --- [main] o.s.b.w.embedded.tomcat.TomcatWebServer  : Tomcat initialized with port(s): 8082 (http)
2022-08-04 14:26:45.314  INFO 14940 --- [main] o.apache.catalina.core.StandardService   : Starting service [Tomcat]
2022-08-04 14:26:45.316  INFO 14940 --- [main] org.apache.catalina.core.StandardEngine  : Starting Servlet engine: [Apache Tomcat/9.0.39]
2022-08-04 14:26:45.545  INFO 14940 --- [main] o.a.c.c.C.[Tomcat].[localhost].[/]       : Initializing Spring embedded WebApplicationContext
2022-08-04 14:26:45.547  INFO 14940 --- [main] w.s.c.ServletWebServerApplicationContext : Root WebApplicationContext: initialization completed in 4116 ms
2022-08-04 14:26:47.429  INFO 14940 --- [main] org.mongodb.driver.cluster               : Cluster created with settings {hosts=[127.0.0.1:27017], srvHost=cluster0.jexok.mongodb.net, mode=MULTIPLE, requiredClusterType=REPLICA_SET, serverSelectionTimeout='30000 ms', requiredReplicaSetName='atlas-ixkgv7-shard-0'}
2022-08-04 14:26:48.878  INFO 14940 --- [cluster-ClusterId{value='62eb89cfa863120dd06eb5f6', description='null'}-srv-cluster0.jexok.mongodb.net] org.mongodb.driver.cluster               : Adding discovered server cluster0-shard-00-00.jexok.mongodb.net:27017 to client view of cluster
2022-08-04 14:26:48.936  INFO 14940 --- [cluster-ClusterId{value='62eb89cfa863120dd06eb5f6', description='null'}-srv-cluster0.jexok.mongodb.net] org.mongodb.driver.cluster               : Adding discovered server cluster0-shard-00-01.jexok.mongodb.net:27017 to client view of cluster
2022-08-04 14:26:48.938  INFO 14940 --- [cluster-ClusterId{value='62eb89cfa863120dd06eb5f6', description='null'}-srv-cluster0.jexok.mongodb.net] org.mongodb.driver.cluster               : Adding discovered server cluster0-shard-00-02.jexok.mongodb.net:27017 to client view of cluster
2022-08-04 14:26:49.018  INFO 14940 --- [main] o.s.b.a.e.web.EndpointLinksResolver      : Exposing 15 endpoint(s) beneath base path '/actuator'
2022-08-04 14:26:49.450  INFO 14940 --- [main] o.s.s.concurrent.ThreadPoolTaskExecutor  : Initializing ExecutorService 'applicationTaskExecutor'
2022-08-04 14:26:49.909  INFO 14940 --- [cluster-ClusterId{value='62eb89cfa863120dd06eb5f6', description='null'}-cluster0-shard-00-00.jexok.mongodb.net:27017] org.mongodb.driver.connection            : Opened connection [connectionId{localValue:1, serverValue:66999}] to cluster0-shard-00-00.jexok.mongodb.net:27017
2022-08-04 14:26:49.910  INFO 14940 --- [cluster-rtt-ClusterId{value='62eb89cfa863120dd06eb5f6', description='null'}-cluster0-shard-00-02.jexok.mongodb.net:27017] org.mongodb.driver.connection            : Opened connection [connectionId{localValue:4, serverValue:66654}] to cluster0-shard-00-02.jexok.mongodb.net:27017
2022-08-04 14:26:49.910  INFO 14940 --- [cluster-rtt-ClusterId{value='62eb89cfa863120dd06eb5f6', description='null'}-cluster0-shard-00-00.jexok.mongodb.net:27017] org.mongodb.driver.connection            : Opened connection [connectionId{localValue:5, serverValue:66999}] to cluster0-shard-00-00.jexok.mongodb.net:27017
2022-08-04 14:26:49.910  INFO 14940 --- [cluster-ClusterId{value='62eb89cfa863120dd06eb5f6', description='null'}-cluster0-shard-00-02.jexok.mongodb.net:27017] org.mongodb.driver.connection            : Opened connection [connectionId{localValue:6, serverValue:66657}] to cluster0-shard-00-02.jexok.mongodb.net:27017
2022-08-04 14:26:49.910  INFO 14940 --- [cluster-rtt-ClusterId{value='62eb89cfa863120dd06eb5f6', description='null'}-cluster0-shard-00-01.jexok.mongodb.net:27017] org.mongodb.driver.connection            : Opened connection [connectionId{localValue:3, serverValue:70239}] to cluster0-shard-00-01.jexok.mongodb.net:27017
2022-08-04 14:26:49.912  INFO 14940 --- [cluster-ClusterId{value='62eb89cfa863120dd06eb5f6', description='null'}-cluster0-shard-00-02.jexok.mongodb.net:27017] org.mongodb.driver.cluster               : Monitor thread successfully connected to server with description ServerDescription{address=cluster0-shard-00-02.jexok.mongodb.net:27017, type=REPLICA_SET_SECONDARY, state=CONNECTED, ok=true, minWireVersion=0, maxWireVersion=13, maxDocumentSize=16777216, logicalSessionTimeoutMinutes=30, roundTripTimeNanos=595501900, setName='atlas-ixkgv7-shard-0', canonicalAddress=cluster0-shard-00-02.jexok.mongodb.net:27017, hosts=[cluster0-shard-00-02.jexok.mongodb.net:27017, cluster0-shard-00-00.jexok.mongodb.net:27017, cluster0-shard-00-01.jexok.mongodb.net:27017], passives=[], arbiters=[], primary='cluster0-shard-00-01.jexok.mongodb.net:27017', tagSet=TagSet{[Tag{name='nodeType', value='ELECTABLE'}, Tag{name='provider', value='AWS'}, Tag{name='region', value='AP_SOUTH_1'}, Tag{name='workloadType', value='OPERATIONAL'}]}, electionId=null, setVersion=7, topologyVersion=TopologyVersion{processId=62e93002bda0b4cd56b4c554, counter=3}, lastWriteDate=Thu Aug 04 14:26:49 GMT+05:30 2022, lastUpdateTimeNanos=9265990516200}
2022-08-04 14:26:49.911  INFO 14940 --- [cluster-ClusterId{value='62eb89cfa863120dd06eb5f6', description='null'}-cluster0-shard-00-00.jexok.mongodb.net:27017] org.mongodb.driver.cluster               : Monitor thread successfully connected to server with description ServerDescription{address=cluster0-shard-00-00.jexok.mongodb.net:27017, type=REPLICA_SET_SECONDARY, state=CONNECTED, ok=true, minWireVersion=0, maxWireVersion=13, maxDocumentSize=16777216, logicalSessionTimeoutMinutes=30, roundTripTimeNanos=594961500, setName='atlas-ixkgv7-shard-0', canonicalAddress=cluster0-shard-00-00.jexok.mongodb.net:27017, hosts=[cluster0-shard-00-02.jexok.mongodb.net:27017, cluster0-shard-00-00.jexok.mongodb.net:27017, cluster0-shard-00-01.jexok.mongodb.net:27017], passives=[], arbiters=[], primary='cluster0-shard-00-01.jexok.mongodb.net:27017', tagSet=TagSet{[Tag{name='nodeType', value='ELECTABLE'}, Tag{name='provider', value='AWS'}, Tag{name='region', value='AP_SOUTH_1'}, Tag{name='workloadType', value='OPERATIONAL'}]}, electionId=null, setVersion=7, topologyVersion=TopologyVersion{processId=62e92f5c6ea7f3d3c07a2867, counter=4}, lastWriteDate=Thu Aug 04 14:26:49 GMT+05:30 2022, lastUpdateTimeNanos=9265990515400}
2022-08-04 14:26:49.913  INFO 14940 --- [cluster-ClusterId{value='62eb89cfa863120dd06eb5f6', description='null'}-cluster0-shard-00-01.jexok.mongodb.net:27017] org.mongodb.driver.connection            : Opened connection [connectionId{localValue:2, serverValue:70285}] to cluster0-shard-00-01.jexok.mongodb.net:27017
2022-08-04 14:26:49.915  INFO 14940 --- [cluster-ClusterId{value='62eb89cfa863120dd06eb5f6', description='null'}-cluster0-shard-00-01.jexok.mongodb.net:27017] org.mongodb.driver.cluster               : Monitor thread successfully connected to server with description ServerDescription{address=cluster0-shard-00-01.jexok.mongodb.net:27017, type=REPLICA_SET_PRIMARY, state=CONNECTED, ok=true, minWireVersion=0, maxWireVersion=13, maxDocumentSize=16777216, logicalSessionTimeoutMinutes=30, roundTripTimeNanos=595081100, setName='atlas-ixkgv7-shard-0', canonicalAddress=cluster0-shard-00-01.jexok.mongodb.net:27017, hosts=[cluster0-shard-00-02.jexok.mongodb.net:27017, cluster0-shard-00-00.jexok.mongodb.net:27017, cluster0-shard-00-01.jexok.mongodb.net:27017], passives=[], arbiters=[], primary='cluster0-shard-00-01.jexok.mongodb.net:27017', tagSet=TagSet{[Tag{name='nodeType', value='ELECTABLE'}, Tag{name='provider', value='AWS'}, Tag{name='region', value='AP_SOUTH_1'}, Tag{name='workloadType', value='OPERATIONAL'}]}, electionId=7fffffff0000000000000178, setVersion=7, topologyVersion=TopologyVersion{processId=62e92fae212fd867cd0ff30a, counter=6}, lastWriteDate=Thu Aug 04 14:26:49 GMT+05:30 2022, lastUpdateTimeNanos=9265991228600}
2022-08-04 14:26:49.920  INFO 14940 --- [cluster-ClusterId{value='62eb89cfa863120dd06eb5f6', description='null'}-cluster0-shard-00-01.jexok.mongodb.net:27017] org.mongodb.driver.cluster               : Setting max election id to 7fffffff0000000000000178 from replica set primary cluster0-shard-00-01.jexok.mongodb.net:27017
2022-08-04 14:26:49.922  INFO 14940 --- [cluster-ClusterId{value='62eb89cfa863120dd06eb5f6', description='null'}-cluster0-shard-00-01.jexok.mongodb.net:27017] org.mongodb.driver.cluster               : Setting max set version to 7 from replica set primary cluster0-shard-00-01.jexok.mongodb.net:27017
2022-08-04 14:26:49.923  INFO 14940 --- [cluster-ClusterId{value='62eb89cfa863120dd06eb5f6', description='null'}-cluster0-shard-00-01.jexok.mongodb.net:27017] org.mongodb.driver.cluster               : Discovered replica set primary cluster0-shard-00-01.jexok.mongodb.net:27017
2022-08-04 14:26:50.128  INFO 14940 --- [main] o.a.k.clients.admin.AdminClientConfig    : AdminClientConfig values: 
	bootstrap.servers = [localhost:9092]
	client.dns.lookup = use_all_dns_ips
	client.id = 
	connections.max.idle.ms = 300000
	default.api.timeout.ms = 60000
	metadata.max.age.ms = 300000
	metric.reporters = []
	metrics.num.samples = 2
	metrics.recording.level = INFO
	metrics.sample.window.ms = 30000
	receive.buffer.bytes = 65536
	reconnect.backoff.max.ms = 1000
	reconnect.backoff.ms = 50
	request.timeout.ms = 30000
	retries = 2147483647
	retry.backoff.ms = 100
	sasl.client.callback.handler.class = null
	sasl.jaas.config = null
	sasl.kerberos.kinit.cmd = /usr/bin/kinit
	sasl.kerberos.min.time.before.relogin = 60000
	sasl.kerberos.service.name = null
	sasl.kerberos.ticket.renew.jitter = 0.05
	sasl.kerberos.ticket.renew.window.factor = 0.8
	sasl.login.callback.handler.class = null
	sasl.login.class = null
	sasl.login.refresh.buffer.seconds = 300
	sasl.login.refresh.min.period.seconds = 60
	sasl.login.refresh.window.factor = 0.8
	sasl.login.refresh.window.jitter = 0.05
	sasl.mechanism = GSSAPI
	security.protocol = PLAINTEXT
	security.providers = null
	send.buffer.bytes = 131072
	ssl.cipher.suites = null
	ssl.enabled.protocols = [TLSv1.2, TLSv1.3]
	ssl.endpoint.identification.algorithm = https
	ssl.engine.factory.class = null
	ssl.key.password = null
	ssl.keymanager.algorithm = SunX509
	ssl.keystore.location = null
	ssl.keystore.password = null
	ssl.keystore.type = JKS
	ssl.protocol = TLSv1.3
	ssl.provider = null
	ssl.secure.random.implementation = null
	ssl.trustmanager.algorithm = PKIX
	ssl.truststore.location = null
	ssl.truststore.password = null
	ssl.truststore.type = JKS

2022-08-04 14:26:50.338  INFO 14940 --- [main] o.a.kafka.common.utils.AppInfoParser     : Kafka version: 2.6.0
2022-08-04 14:26:50.341  INFO 14940 --- [main] o.a.kafka.common.utils.AppInfoParser     : Kafka commitId: 62abe01bee039651
2022-08-04 14:26:50.341  INFO 14940 --- [main] o.a.kafka.common.utils.AppInfoParser     : Kafka startTimeMs: 1659603410335
2022-08-04 14:26:50.906  INFO 14940 --- [main] o.a.k.clients.consumer.ConsumerConfig    : ConsumerConfig values: 
	allow.auto.create.topics = true
	auto.commit.interval.ms = 5000
	auto.offset.reset = earliest
	bootstrap.servers = [localhost:9092]
	check.crcs = true
	client.dns.lookup = use_all_dns_ips
	client.id = consumer-tweetApp-1
	client.rack = 
	connections.max.idle.ms = 540000
	default.api.timeout.ms = 60000
	enable.auto.commit = false
	exclude.internal.topics = true
	fetch.max.bytes = 52428800
	fetch.max.wait.ms = 500
	fetch.min.bytes = 1
	group.id = tweetApp
	group.instance.id = null
	heartbeat.interval.ms = 3000
	interceptor.classes = []
	internal.leave.group.on.close = true
	internal.throw.on.fetch.stable.offset.unsupported = false
	isolation.level = read_uncommitted
	key.deserializer = class org.apache.kafka.common.serialization.StringDeserializer
	max.partition.fetch.bytes = 1048576
	max.poll.interval.ms = 300000
	max.poll.records = 500
	metadata.max.age.ms = 300000
	metric.reporters = []
	metrics.num.samples = 2
	metrics.recording.level = INFO
	metrics.sample.window.ms = 30000
	partition.assignment.strategy = [class org.apache.kafka.clients.consumer.RangeAssignor]
	receive.buffer.bytes = 65536
	reconnect.backoff.max.ms = 1000
	reconnect.backoff.ms = 50
	request.timeout.ms = 30000
	retry.backoff.ms = 100
	sasl.client.callback.handler.class = null
	sasl.jaas.config = null
	sasl.kerberos.kinit.cmd = /usr/bin/kinit
	sasl.kerberos.min.time.before.relogin = 60000
	sasl.kerberos.service.name = null
	sasl.kerberos.ticket.renew.jitter = 0.05
	sasl.kerberos.ticket.renew.window.factor = 0.8
	sasl.login.callback.handler.class = null
	sasl.login.class = null
	sasl.login.refresh.buffer.seconds = 300
	sasl.login.refresh.min.period.seconds = 60
	sasl.login.refresh.window.factor = 0.8
	sasl.login.refresh.window.jitter = 0.05
	sasl.mechanism = GSSAPI
	security.protocol = PLAINTEXT
	security.providers = null
	send.buffer.bytes = 131072
	session.timeout.ms = 10000
	ssl.cipher.suites = null
	ssl.enabled.protocols = [TLSv1.2, TLSv1.3]
	ssl.endpoint.identification.algorithm = https
	ssl.engine.factory.class = null
	ssl.key.password = null
	ssl.keymanager.algorithm = SunX509
	ssl.keystore.location = null
	ssl.keystore.password = null
	ssl.keystore.type = JKS
	ssl.protocol = TLSv1.3
	ssl.provider = null
	ssl.secure.random.implementation = null
	ssl.trustmanager.algorithm = PKIX
	ssl.truststore.location = null
	ssl.truststore.password = null
	ssl.truststore.type = JKS
	value.deserializer = class org.apache.kafka.common.serialization.StringDeserializer

2022-08-04 14:26:50.977  INFO 14940 --- [main] o.a.kafka.common.utils.AppInfoParser     : Kafka version: 2.6.0
2022-08-04 14:26:50.977  INFO 14940 --- [main] o.a.kafka.common.utils.AppInfoParser     : Kafka commitId: 62abe01bee039651
2022-08-04 14:26:50.978  INFO 14940 --- [main] o.a.kafka.common.utils.AppInfoParser     : Kafka startTimeMs: 1659603410977
2022-08-04 14:26:51.040  INFO 14940 --- [main] o.a.k.clients.consumer.KafkaConsumer     : [Consumer clientId=consumer-tweetApp-1, groupId=tweetApp] Subscribed to topic(s): message
2022-08-04 14:26:51.046  INFO 14940 --- [main] o.s.s.c.ThreadPoolTaskScheduler          : Initializing ExecutorService
2022-08-04 14:26:51.080  INFO 14940 --- [org.springframework.kafka.KafkaListenerEndpointContainer#0-0-C-1] org.apache.kafka.clients.Metadata        : [Consumer clientId=consumer-tweetApp-1, groupId=tweetApp] Cluster ID: DSelizYqTPKt2zvqfOXnXg
2022-08-04 14:26:51.081  INFO 14940 --- [org.springframework.kafka.KafkaListenerEndpointContainer#0-0-C-1] o.a.k.c.c.internals.AbstractCoordinator  : [Consumer clientId=consumer-tweetApp-1, groupId=tweetApp] Discovered group coordinator host.docker.internal:9092 (id: 2147483647 rack: null)
2022-08-04 14:26:51.083  INFO 14940 --- [main] o.s.b.w.embedded.tomcat.TomcatWebServer  : Tomcat started on port(s): 8082 (http) with context path ''
2022-08-04 14:26:51.087  INFO 14940 --- [org.springframework.kafka.KafkaListenerEndpointContainer#0-0-C-1] o.a.k.c.c.internals.AbstractCoordinator  : [Consumer clientId=consumer-tweetApp-1, groupId=tweetApp] (Re-)joining group
2022-08-04 14:26:51.108  INFO 14940 --- [org.springframework.kafka.KafkaListenerEndpointContainer#0-0-C-1] o.a.k.c.c.internals.AbstractCoordinator  : [Consumer clientId=consumer-tweetApp-1, groupId=tweetApp] Join group failed with org.apache.kafka.common.errors.MemberIdRequiredException: The group member needs to have a valid member id before actually entering a consumer group.
2022-08-04 14:26:51.109  INFO 14940 --- [org.springframework.kafka.KafkaListenerEndpointContainer#0-0-C-1] o.a.k.c.c.internals.AbstractCoordinator  : [Consumer clientId=consumer-tweetApp-1, groupId=tweetApp] (Re-)joining group
2022-08-04 14:26:51.123  INFO 14940 --- [org.springframework.kafka.KafkaListenerEndpointContainer#0-0-C-1] o.a.k.c.c.internals.ConsumerCoordinator  : [Consumer clientId=consumer-tweetApp-1, groupId=tweetApp] Finished assignment for group at generation 1: {consumer-tweetApp-1-90700f6d-f2df-4499-8651-412aad08c0a7=Assignment(partitions=[message-0, message-1, message-2])}
2022-08-04 14:26:51.136  INFO 14940 --- [org.springframework.kafka.KafkaListenerEndpointContainer#0-0-C-1] o.a.k.c.c.internals.AbstractCoordinator  : [Consumer clientId=consumer-tweetApp-1, groupId=tweetApp] Successfully joined group with generation 1
2022-08-04 14:26:51.139  INFO 14940 --- [org.springframework.kafka.KafkaListenerEndpointContainer#0-0-C-1] o.a.k.c.c.internals.ConsumerCoordinator  : [Consumer clientId=consumer-tweetApp-1, groupId=tweetApp] Notifying assignor about the new Assignment(partitions=[message-0, message-1, message-2])
2022-08-04 14:26:51.144  INFO 14940 --- [org.springframework.kafka.KafkaListenerEndpointContainer#0-0-C-1] o.a.k.c.c.internals.ConsumerCoordinator  : [Consumer clientId=consumer-tweetApp-1, groupId=tweetApp] Adding newly assigned partitions: message-0, message-1, message-2
2022-08-04 14:26:51.158  INFO 14940 --- [org.springframework.kafka.KafkaListenerEndpointContainer#0-0-C-1] o.a.k.c.c.internals.ConsumerCoordinator  : [Consumer clientId=consumer-tweetApp-1, groupId=tweetApp] Found no committed offset for partition message-0
2022-08-04 14:26:51.159  INFO 14940 --- [org.springframework.kafka.KafkaListenerEndpointContainer#0-0-C-1] o.a.k.c.c.internals.ConsumerCoordinator  : [Consumer clientId=consumer-tweetApp-1, groupId=tweetApp] Found no committed offset for partition message-1
2022-08-04 14:26:51.160  INFO 14940 --- [org.springframework.kafka.KafkaListenerEndpointContainer#0-0-C-1] o.a.k.c.c.internals.ConsumerCoordinator  : [Consumer clientId=consumer-tweetApp-1, groupId=tweetApp] Found no committed offset for partition message-2
2022-08-04 14:26:51.184  INFO 14940 --- [org.springframework.kafka.KafkaListenerEndpointContainer#0-0-C-1] o.a.k.c.c.internals.SubscriptionState    : [Consumer clientId=consumer-tweetApp-1, groupId=tweetApp] Resetting offset for partition message-0 to offset 0.
2022-08-04 14:26:51.185  INFO 14940 --- [org.springframework.kafka.KafkaListenerEndpointContainer#0-0-C-1] o.a.k.c.c.internals.SubscriptionState    : [Consumer clientId=consumer-tweetApp-1, groupId=tweetApp] Resetting offset for partition message-1 to offset 0.
2022-08-04 14:26:51.185  INFO 14940 --- [org.springframework.kafka.KafkaListenerEndpointContainer#0-0-C-1] o.a.k.c.c.internals.SubscriptionState    : [Consumer clientId=consumer-tweetApp-1, groupId=tweetApp] Resetting offset for partition message-2 to offset 0.
2022-08-04 14:26:51.186  INFO 14940 --- [org.springframework.kafka.KafkaListenerEndpointContainer#0-0-C-1] o.s.k.l.KafkaMessageListenerContainer    : tweetApp: partitions assigned: [message-0, message-1, message-2]
2022-08-04 14:26:51.973  INFO 14940 --- [main] com.tweetapp.TweetAppServiceApplication  : Started TweetAppServiceApplication in 11.717 seconds (JVM running for 12.588)
2022-08-04 14:27:12.356  INFO 14940 --- [http-nio-8082-exec-2] o.a.c.c.C.[Tomcat].[localhost].[/]       : Initializing Spring DispatcherServlet 'dispatcherServlet'
2022-08-04 14:27:12.588  INFO 14940 --- [http-nio-8082-exec-2] com.tweetapp.controller.UserController   : Registration for user Ari go
2022-08-04 14:27:12.589  INFO 14940 --- [http-nio-8082-exec-2] com.tweetapp.service.UserService         : In register Request-> User [userId=4, firstName=Ari, lastName=go, emailId=go2@gmail.com, userName=ari2@123, password=Arigo@123, contactNumber=9958483316] 
2022-08-04 14:27:12.966  INFO 14940 --- [http-nio-8082-exec-2] org.mongodb.driver.connection            : Opened connection [connectionId{localValue:7, serverValue:70348}] to cluster0-shard-00-01.jexok.mongodb.net:27017
2022-08-04 14:27:13.066  INFO 14940 --- [http-nio-8082-exec-2] com.tweetapp.service.UserService         : Exiting register Response -> UserName Registered Successfully
